<?xml version="1.0" encoding="UTF-8"?>
<coverage generated="1740222799555" clover="3.2.0">
  <project timestamp="1740222799555" name="All files">
    <metrics statements="19" coveredstatements="19" conditionals="5" coveredconditionals="4" methods="1" coveredmethods="1" elements="25" coveredelements="24" complexity="0" loc="19" ncloc="19" packages="1" files="1" classes="1"/>
    <file name="HighestCommonFactor.js" path="C:\Users\DELL\Documents\javaScript\classWork\highestCommonFactor\test\HighestCommonFactor.js">
      <metrics statements="19" coveredstatements="19" conditionals="5" coveredconditionals="4" methods="1" coveredmethods="1"/>
      <line num="1" count="1" type="cond" truecount="1" falsecount="0"/>
      <line num="2" count="1" type="stmt"/>
      <line num="3" count="1" type="stmt"/>
      <line num="4" count="1" type="cond" truecount="1" falsecount="0"/>
      <line num="5" count="3" type="stmt"/>
      <line num="6" count="3" type="cond" truecount="1" falsecount="0"/>
      <line num="7" count="9" type="cond" truecount="1" falsecount="0"/>
      <line num="8" count="2" type="stmt"/>
      <line num="9" count="2" type="stmt"/>
      <line num="10" count="2" type="stmt"/>
      <line num="11" count="9" type="stmt"/>
      <line num="12" count="9" type="stmt"/>
      <line num="13" count="3" type="cond" truecount="0" falsecount="1"/>
      <line num="14" count="3" type="stmt"/>
      <line num="15" count="3" type="stmt"/>
      <line num="16" count="1" type="stmt"/>
      <line num="17" count="1" type="stmt"/>
      <line num="18" count="1" type="stmt"/>
      <line num="19" count="1" type="stmt"/>
    </file>
  </project>
</coverage>
