TN:
SF:classWork\First Task\ObjectTask.js
FN:1,getStudentName
FN:5,getSubjectIndex
FN:9,getZipCode
FN:13,getAge
FN:17,addAge
FN:21,addNewProperty
FN:25,getDetails
FNF:7
FNH:1
FNDA:0,getStudentName
FNDA:0,getSubjectIndex
FNDA:0,getZipCode
FNDA:0,getAge
FNDA:0,addAge
FNDA:0,addNewProperty
FNDA:1,getDetails
DA:1,0
DA:2,0
DA:3,0
DA:4,1
DA:5,0
DA:6,0
DA:7,0
DA:8,1
DA:9,0
DA:10,0
DA:11,0
DA:12,1
DA:13,0
DA:14,0
DA:15,0
DA:16,1
DA:17,0
DA:18,0
DA:19,0
DA:20,1
DA:21,0
DA:22,0
DA:23,0
DA:24,1
DA:25,1
DA:26,1
DA:27,1
DA:28,1
DA:29,1
LF:29
LH:11
BRDA:25,0,0,1
BRF:1
BRH:1
end_of_record
