TN:
SF:classWork\For Each Task\ForEachTask.js
FN:1,getDoubledNumbers
FN:10,getEvenNumbers
FN:18,getOddNumbers
FN:26,getOddNumbers1
FN:30,addThreeNumbers
FN:35,addIndexToElement
FNF:6
FNH:6
FNDA:1,getDoubledNumbers
FNDA:1,getEvenNumbers
FNDA:1,getOddNumbers
FNDA:1,getOddNumbers1
FNDA:1,addThreeNumbers
FNDA:1,addIndexToElement
DA:1,1
DA:2,1
DA:3,1
DA:4,6
DA:5,6
DA:6,1
DA:7,1
DA:8,1
DA:9,1
DA:10,1
DA:11,1
DA:12,1
DA:13,6
DA:14,1
DA:15,1
DA:16,1
DA:17,1
DA:18,1
DA:19,1
DA:20,1
DA:21,6
DA:22,1
DA:23,1
DA:24,1
DA:25,1
DA:26,1
DA:27,1
DA:28,1
DA:29,1
DA:30,1
DA:31,1
DA:32,1
DA:33,1
DA:34,1
DA:35,1
DA:36,1
DA:37,1
DA:38,1
DA:39,1
DA:40,1
LF:40
LH:40
BRDA:1,0,0,1
BRDA:3,1,0,6
BRDA:10,2,0,1
BRDA:12,3,0,6
BRDA:13,4,0,3
BRDA:18,5,0,1
BRDA:20,6,0,6
BRDA:21,7,0,3
BRDA:26,8,0,1
BRDA:27,9,0,6
BRDA:30,10,0,1
BRDA:31,11,0,6
BRDA:35,12,0,1
BRDA:36,13,0,6
BRF:14
BRH:14
end_of_record
